<?xml version="1.0" encoding="UTF-8"?>
<!-- Generated by org.testng.reporters.JUnitReportReporter -->
<testsuite hostname="NHCLPT520" failures="0" tests="11" name="org.runner.Runner" time="438.623" errors="0" timestamp="29 May 2023 09:28:56 GMT" skipped="0">
  <testcase classname="org.runner.Runner" name="runScenario" time="19.947"/>
  <testcase classname="org.runner.Runner" name="runScenario" time="0.506"/>
  <testcase classname="org.runner.Runner" name="runScenario" time="2.146"/>
  <testcase classname="org.runner.Runner" name="runScenario" time="6.214"/>
  <testcase classname="org.runner.Runner" name="runScenario" time="6.299"/>
  <testcase classname="org.runner.Runner" name="runScenario" time="325.062"/>
  <testcase classname="org.runner.Runner" name="runScenario" time="4.531"/>
  <testcase classname="org.runner.Runner" name="runScenario" time="8.946"/>
  <testcase classname="org.runner.Runner" name="runScenario" time="25.001"/>
  <testcase classname="org.runner.Runner" name="runScenario" time="19.907"/>
  <testcase classname="org.runner.Runner" name="runScenario" time="20.064"/>
</testsuite> <!-- org.runner.Runner -->
