<?xml version="1.0" encoding="UTF-8"?>
<!-- Generated by org.testng.reporters.JUnitReportReporter -->
<testsuite hostname="NHCLPT520" failures="0" tests="13" name="org.runner.Runner" time="1970.187" errors="0" timestamp="30 May 2023 10:13:22 GMT" skipped="0">
  <testcase classname="org.runner.Runner" name="runScenario" time="6.359"/>
  <testcase classname="org.runner.Runner" name="runScenario" time="922.369"/>
  <testcase classname="org.runner.Runner" name="runScenario" time="20.068"/>
  <testcase classname="org.runner.Runner" name="runScenario" time="0.529"/>
  <testcase classname="org.runner.Runner" name="runScenario" time="19.709"/>
  <testcase classname="org.runner.Runner" name="runScenario" time="319.916"/>
  <testcase classname="org.runner.Runner" name="runScenario" time="10.289"/>
  <testcase classname="org.runner.Runner" name="runScenario" time="2.149"/>
  <testcase classname="org.runner.Runner" name="runScenario" time="625.965"/>
  <testcase classname="org.runner.Runner" name="runScenario" time="6.269"/>
  <testcase classname="org.runner.Runner" name="runScenario" time="6.291"/>
  <testcase classname="org.runner.Runner" name="runScenario" time="5.291"/>
  <testcase classname="org.runner.Runner" name="runScenario" time="24.983"/>
</testsuite> <!-- org.runner.Runner -->
